{"total": {"lines":{"total":611,"covered":273,"skipped":0,"pct":44.68},"statements":{"total":690,"covered":306,"skipped":0,"pct":44.34},"functions":{"total":143,"covered":75,"skipped":0,"pct":52.44},"branches":{"total":229,"covered":101,"skipped":0,"pct":44.1},"branchesTrue":{"total":0,"covered":0,"skipped":0,"pct":100}}
,"D:\\Frontend Odessy Hackathon\\src\\lib\\audio.ts": {"lines":{"total":193,"covered":0,"skipped":0,"pct":0},"functions":{"total":13,"covered":0,"skipped":0,"pct":0},"statements":{"total":203,"covered":0,"skipped":0,"pct":0},"branches":{"total":44,"covered":0,"skipped":0,"pct":0}}
,"D:\\Frontend Odessy Hackathon\\src\\lib\\dpr.ts": {"lines":{"total":5,"covered":5,"skipped":0,"pct":100},"functions":{"total":2,"covered":2,"skipped":0,"pct":100},"statements":{"total":7,"covered":5,"skipped":0,"pct":71.42},"branches":{"total":10,"covered":7,"skipped":0,"pct":70}}
,"D:\\Frontend Odessy Hackathon\\src\\lib\\echoes.ts": {"lines":{"total":37,"covered":37,"skipped":0,"pct":100},"functions":{"total":9,"covered":9,"skipped":0,"pct":100},"statements":{"total":43,"covered":42,"skipped":0,"pct":97.67},"branches":{"total":20,"covered":19,"skipped":0,"pct":95}}
,"D:\\Frontend Odessy Hackathon\\src\\lib\\library.ts": {"lines":{"total":30,"covered":30,"skipped":0,"pct":100},"functions":{"total":10,"covered":10,"skipped":0,"pct":100},"statements":{"total":37,"covered":37,"skipped":0,"pct":100},"branches":{"total":8,"covered":8,"skipped":0,"pct":100}}
,"D:\\Frontend Odessy Hackathon\\src\\lib\\unseen.ts": {"lines":{"total":30,"covered":0,"skipped":0,"pct":0},"functions":{"total":16,"covered":0,"skipped":0,"pct":0},"statements":{"total":40,"covered":0,"skipped":0,"pct":0},"branches":{"total":4,"covered":0,"skipped":0,"pct":0}}
,"D:\\Frontend Odessy Hackathon\\src\\lib\\useExit.ts": {"lines":{"total":16,"covered":0,"skipped":0,"pct":0},"functions":{"total":4,"covered":0,"skipped":0,"pct":0},"statements":{"total":18,"covered":0,"skipped":0,"pct":0},"branches":{"total":4,"covered":0,"skipped":0,"pct":0}}
,"D:\\Frontend Odessy Hackathon\\src\\lib\\useLenis.ts": {"lines":{"total":58,"covered":0,"skipped":0,"pct":0},"functions":{"total":15,"covered":0,"skipped":0,"pct":0},"statements":{"total":66,"covered":0,"skipped":0,"pct":0},"branches":{"total":27,"covered":0,"skipped":0,"pct":0}}
,"D:\\Frontend Odessy Hackathon\\src\\lib\\utils.ts": {"lines":{"total":11,"covered":8,"skipped":0,"pct":72.72},"functions":{"total":6,"covered":3,"skipped":0,"pct":50},"statements":{"total":11,"covered":8,"skipped":0,"pct":72.72},"branches":{"total":6,"covered":2,"skipped":0,"pct":33.33}}
,"D:\\Frontend Odessy Hackathon\\src\\lib\\webgl.ts": {"lines":{"total":11,"covered":0,"skipped":0,"pct":0},"functions":{"total":1,"covered":0,"skipped":0,"pct":0},"statements":{"total":15,"covered":0,"skipped":0,"pct":0},"branches":{"total":10,"covered":0,"skipped":0,"pct":0}}
,"D:\\Frontend Odessy Hackathon\\src\\scene\\sky-data.ts": {"lines":{"total":101,"covered":99,"skipped":0,"pct":98.01},"functions":{"total":20,"covered":18,"skipped":0,"pct":90},"statements":{"total":112,"covered":109,"skipped":0,"pct":97.32},"branches":{"total":28,"covered":22,"skipped":0,"pct":78.57}}
,"D:\\Frontend Odessy Hackathon\\src\\store\\sequence.ts": {"lines":{"total":76,"covered":57,"skipped":0,"pct":75},"functions":{"total":26,"covered":17,"skipped":0,"pct":65.38},"statements":{"total":86,"covered":61,"skipped":0,"pct":70.93},"branches":{"total":36,"covered":19,"skipped":0,"pct":52.77}}
,"D:\\Frontend Odessy Hackathon\\src\\store\\tour.ts": {"lines":{"total":26,"covered":24,"skipped":0,"pct":92.3},"functions":{"total":8,"covered":8,"skipped":0,"pct":100},"statements":{"total":32,"covered":29,"skipped":0,"pct":90.62},"branches":{"total":20,"covered":15,"skipped":0,"pct":75}}
,"D:\\Frontend Odessy Hackathon\\src\\store\\ui.ts": {"lines":{"total":17,"covered":13,"skipped":0,"pct":76.47},"functions":{"total":13,"covered":8,"skipped":0,"pct":61.53},"statements":{"total":20,"covered":15,"skipped":0,"pct":75},"branches":{"total":12,"covered":9,"skipped":0,"pct":75}}
}
